mode: set
github.com/atom91/bookings/cmd/web/main.go:21.13,23.13 2 0
github.com/atom91/bookings/cmd/web/main.go:27.2,33.16 4 0
github.com/atom91/bookings/cmd/web/main.go:23.13,25.3 1 0
github.com/atom91/bookings/cmd/web/main.go:35.17,45.13 10 1
github.com/atom91/bookings/cmd/web/main.go:49.2,56.12 6 1
github.com/atom91/bookings/cmd/web/main.go:45.13,48.3 2 0
github.com/atom91/bookings/cmd/web/middleware.go:9.51,10.70 1 1
github.com/atom91/bookings/cmd/web/middleware.go:10.70,13.3 2 0
github.com/atom91/bookings/cmd/web/middleware.go:16.44,25.2 3 1
github.com/atom91/bookings/cmd/web/middleware.go:26.49,28.2 1 1
github.com/atom91/bookings/cmd/web/routes.go:12.49,34.2 17 1
